--------------------------------------------------------------------------------
Release 14.1 Trace  (nt64)
Copyright (c) 1995-2012 Xilinx, Inc.  All rights reserved.

C:\Xilinx\14.1\ISE_DS\ISE\bin\nt64\unwrapped\trce.exe -intstyle ise -v 3 -s 5
-n 3 -fastpaths -xml registro_siso.twx registro_siso.ncd -o registro_siso.twr
registro_siso.pcf

Design file:              registro_siso.ncd
Physical constraint file: registro_siso.pcf
Device,package,speed:     xc3s1000,ft256,-5 (PRODUCTION 1.39 2012-04-23)
Report level:             verbose report

Environment Variable      Effect 
--------------------      ------ 
NONE                      No environment variables were set
--------------------------------------------------------------------------------

INFO:Timing:2698 - No timing constraints found, doing default enumeration.
INFO:Timing:3412 - To improve timing, see the Timing Closure User Guide (UG612).
INFO:Timing:2752 - To get complete path coverage, use the unconstrained paths 
   option. All paths that are not constrained will be reported in the 
   unconstrained paths section(s) of the report.
INFO:Timing:3339 - The clock-to-out numbers in this timing report are based on 
   a 50 Ohm transmission line loading model.  For the details of this model, 
   and for more information on accounting for different loading conditions, 
   please see the device datasheet.
INFO:Timing:3390 - This architecture does not support a default System Jitter 
   value, please add SYSTEM_JITTER constraint to the UCF to modify the Clock 
   Uncertainty calculation.
INFO:Timing:3389 - This architecture does not support 'Discrete Jitter' and 
   'Phase Error' calculations, these terms will be zero in the Clock 
   Uncertainty calculation.  Please make appropriate modification to 
   SYSTEM_JITTER to account for the unsupported Discrete Jitter and Phase 
   Error.



Data Sheet report:
-----------------
All values displayed in nanoseconds (ns)

Setup/Hold to clock clk
------------+------------+------------+------------------+--------+
            |Max Setup to|Max Hold to |                  | Clock  |
Source      | clk (edge) | clk (edge) |Internal Clock(s) | Phase  |
------------+------------+------------+------------------+--------+
es          |    3.477(R)|    1.062(R)|clk_BUFGP         |   0.000|
------------+------------+------------+------------------+--------+

Clock clk to Pad
------------+------------+------------------+--------+
            | clk (edge) |                  | Clock  |
Destination |   to PAD   |Internal Clock(s) | Phase  |
------------+------------+------------------+--------+
sp<0>       |    8.104(R)|clk_BUFGP         |   0.000|
sp<1>       |    7.262(R)|clk_BUFGP         |   0.000|
sp<2>       |    7.237(R)|clk_BUFGP         |   0.000|
sp<3>       |    7.230(R)|clk_BUFGP         |   0.000|
sp<4>       |    7.539(R)|clk_BUFGP         |   0.000|
sp<5>       |    8.448(R)|clk_BUFGP         |   0.000|
sp<6>       |    7.845(R)|clk_BUFGP         |   0.000|
sp<7>       |    7.463(R)|clk_BUFGP         |   0.000|
------------+------------+------------------+--------+

Clock to Setup on destination clock clk
---------------+---------+---------+---------+---------+
               | Src:Rise| Src:Fall| Src:Rise| Src:Fall|
Source Clock   |Dest:Rise|Dest:Rise|Dest:Fall|Dest:Fall|
---------------+---------+---------+---------+---------+
clk            |    1.712|         |         |         |
---------------+---------+---------+---------+---------+


Analysis completed Tue Oct 02 22:40:14 2018 
--------------------------------------------------------------------------------

Trace Settings:
-------------------------
Trace Settings 

Peak Memory Usage: 4495 MB



