Command line:
   tb_registro_siso_isim_beh.exe
     -simmode  gui
     -simrunnum  0
     -socket  54558

Tue Oct 02 19:27:07 2018


 Elaboration Time: 0.0625 sec

 Current Memory Usage: 5324.09 Meg

 Total Signals          : 10
 Total Nets             : 20
 Total Signal Drivers   : 6
 Total Blocks           : 5
 Total Primitive Blocks : 4
 Total Processes        : 5
 Total Traceable Variables  : 12
 Total Scalar Nets and Variables : 902
Total Line Count : 43

 Total Simulation Time: 0.171875 sec

 Current Memory Usage: 5638.66 Meg

Tue Oct 02 19:27:54 2018

