Release 14.1 - xst P.15xf (nt64)
Copyright (c) 1995-2012 Xilinx, Inc.  All rights reserved.
--> Parameter TMPDIR set to xst/projnav.tmp


Total REAL time to Xst completion: 0.00 secs
Total CPU time to Xst completion: 0.09 secs
 
--> Parameter xsthdpdir set to xst


Total REAL time to Xst completion: 0.00 secs
Total CPU time to Xst completion: 0.09 secs
 
--> Reading design: registro_siso.prj

TABLE OF CONTENTS
  1) Synthesis Options Summary
  2) HDL Compilation
  3) Design Hierarchy Analysis
  4) HDL Analysis
  5) HDL Synthesis
     5.1) HDL Synthesis Report
  6) Advanced HDL Synthesis
     6.1) Advanced HDL Synthesis Report
  7) Low Level Synthesis
  8) Partition Report
  9) Final Report
	9.1) Device utilization summary
	9.2) Partition Resource Summary
	9.3) TIMING REPORT


=========================================================================
*                      Synthesis Options Summary                        *
=========================================================================
---- Source Parameters
Input File Name                    : "registro_siso.prj"
Input Format                       : mixed
Ignore Synthesis Constraint File   : NO

---- Target Parameters
Output File Name                   : "registro_siso"
Output Format                      : NGC
Target Device                      : xc3s1000-5-ft256

---- Source Options
Top Module Name                    : registro_siso
Automatic FSM Extraction           : YES
FSM Encoding Algorithm             : Auto
Safe Implementation                : No
FSM Style                          : LUT
RAM Extraction                     : Yes
RAM Style                          : Auto
ROM Extraction                     : Yes
Mux Style                          : Auto
Decoder Extraction                 : YES
Priority Encoder Extraction        : Yes
Shift Register Extraction          : YES
Logical Shifter Extraction         : YES
XOR Collapsing                     : YES
ROM Style                          : Auto
Mux Extraction                     : Yes
Resource Sharing                   : YES
Asynchronous To Synchronous        : NO
Multiplier Style                   : Auto
Automatic Register Balancing       : No

---- Target Options
Add IO Buffers                     : YES
Global Maximum Fanout              : 100000
Add Generic Clock Buffer(BUFG)     : 8
Register Duplication               : YES
Slice Packing                      : YES
Optimize Instantiated Primitives   : NO
Use Clock Enable                   : Yes
Use Synchronous Set                : Yes
Use Synchronous Reset              : Yes
Pack IO Registers into IOBs        : Auto
Equivalent register Removal        : YES

---- General Options
Optimization Goal                  : Speed
Optimization Effort                : 1
Keep Hierarchy                     : No
Netlist Hierarchy                  : As_Optimized
RTL Output                         : Yes
Global Optimization                : AllClockNets
Read Cores                         : YES
Write Timing Constraints           : NO
Cross Clock Analysis               : NO
Hierarchy Separator                : /
Bus Delimiter                      : <>
Case Specifier                     : Maintain
Slice Utilization Ratio            : 100
BRAM Utilization Ratio             : 100
Verilog 2001                       : YES
Auto BRAM Packing                  : NO
Slice Utilization Ratio Delta      : 5

=========================================================================


=========================================================================
*                          HDL Compilation                              *
=========================================================================
Compiling vhdl file "C:/hlocal/Nueva carpeta/TOC/Practica_1d/divisor_new.vhd" in Library work.
Architecture rtl of Entity divisor is up to date.
Compiling vhdl file "C:/hlocal/Nueva carpeta/TOC/Practica_1d/registro_siso.vhd" in Library work.
Entity <registro_siso> compiled.
Entity <registro_siso> (Architecture <behavioral>) compiled.

=========================================================================
*                     Design Hierarchy Analysis                         *
=========================================================================
Analyzing hierarchy for entity <registro_siso> in library <work> (architecture <behavioral>).

Analyzing hierarchy for entity <divisor> in library <work> (architecture <rtl>).


=========================================================================
*                            HDL Analysis                               *
=========================================================================
Analyzing Entity <registro_siso> in library <work> (Architecture <behavioral>).
Entity <registro_siso> analyzed. Unit <registro_siso> generated.

Analyzing Entity <divisor> in library <work> (Architecture <rtl>).
Entity <divisor> analyzed. Unit <divisor> generated.


=========================================================================
*                           HDL Synthesis                               *
=========================================================================

Performing bidirectional port resolution...

Synthesizing Unit <divisor>.
    Related source file is "C:/hlocal/Nueva carpeta/TOC/Practica_1d/divisor_new.vhd".
    Found 1-bit register for signal <clk_1hz_reg>.
    Found 25-bit up counter for signal <cntr_reg>.
    Summary:
	inferred   1 Counter(s).
	inferred   1 D-type flip-flop(s).
Unit <divisor> synthesized.


Synthesizing Unit <registro_siso>.
    Related source file is "C:/hlocal/Nueva carpeta/TOC/Practica_1d/registro_siso.vhd".
    Found 8-bit register for signal <data>.
    Summary:
	inferred   8 D-type flip-flop(s).
Unit <registro_siso> synthesized.


=========================================================================
HDL Synthesis Report

Macro Statistics
# Counters                                             : 1
 25-bit up counter                                     : 1
# Registers                                            : 9
 1-bit register                                        : 9

=========================================================================

=========================================================================
*                       Advanced HDL Synthesis                          *
=========================================================================


=========================================================================
Advanced HDL Synthesis Report

Macro Statistics
# Counters                                             : 1
 25-bit up counter                                     : 1
# Registers                                            : 9
 Flip-Flops                                            : 9

=========================================================================

=========================================================================
*                         Low Level Synthesis                           *
=========================================================================

Optimizing unit <registro_siso> ...

Mapping all equations...
Building and optimizing final netlist ...
Found area constraint ratio of 100 (+ 5) on block registro_siso, actual ratio is 0.

Final Macro Processing ...

=========================================================================
Final Register Report

Macro Statistics
# Registers                                            : 34
 Flip-Flops                                            : 34

=========================================================================

=========================================================================
*                           Partition Report                            *
=========================================================================

Partition Implementation Status
-------------------------------

  No Partitions were found in this design.

-------------------------------

=========================================================================
*                            Final Report                               *
=========================================================================
Final Results
RTL Top Level Output File Name     : registro_siso.ngr
Top Level Output File Name         : registro_siso
Output Format                      : NGC
Optimization Goal                  : Speed
Keep Hierarchy                     : No

Design Statistics
# IOs                              : 12

Cell Usage :
# BELS                             : 123
#      GND                         : 1
#      INV                         : 2
#      LUT1                        : 25
#      LUT2                        : 25
#      LUT3                        : 7
#      LUT4                        : 6
#      MUXCY                       : 31
#      VCC                         : 1
#      XORCY                       : 25
# FlipFlops/Latches                : 34
#      FDC                         : 32
#      FDCE                        : 2
# Clock Buffers                    : 1
#      BUFGP                       : 1
# IO Buffers                       : 11
#      IBUF                        : 10
#      OBUF                        : 1
=========================================================================

Device utilization summary:
---------------------------

Selected Device : 3s1000ft256-5 

 Number of Slices:                       37  out of   7680     0%  
 Number of Slice Flip Flops:             34  out of  15360     0%  
 Number of 4 input LUTs:                 65  out of  15360     0%  
 Number of IOs:                          12
 Number of bonded IOBs:                  12  out of    173     6%  
 Number of GCLKs:                         1  out of      8    12%  

---------------------------
Partition Resource Summary:
---------------------------

  No Partitions were found in this design.

---------------------------


=========================================================================
TIMING REPORT

NOTE: THESE TIMING NUMBERS ARE ONLY A SYNTHESIS ESTIMATE.
      FOR ACCURATE TIMING INFORMATION PLEASE REFER TO THE TRACE REPORT
      GENERATED AFTER PLACE-and-ROUTE.

Clock Information:
------------------
-----------------------------------+------------------------+-------+
Clock Signal                       | Clock buffer(FF name)  | Load  |
-----------------------------------+------------------------+-------+
i_clk_int/clk_1hz_reg              | NONE(data_1)           | 8     |
clk_100mhz                         | BUFGP                  | 26    |
-----------------------------------+------------------------+-------+
INFO:Xst:2169 - HDL ADVISOR - Some clock signals were not automatically buffered by XST with BUFG/BUFR resources. Please use the buffer_type constraint in order to insert these buffers to the clock signals to help prevent skew problems.

Asynchronous Control Signals Information:
----------------------------------------
-----------------------------------+------------------------+-------+
Control Signal                     | Buffer(FF name)        | Load  |
-----------------------------------+------------------------+-------+
rst                                | IBUF                   | 34    |
-----------------------------------+------------------------+-------+

Timing Summary:
---------------
Speed Grade: -5

   Minimum period: 6.093ns (Maximum Frequency: 164.115MHz)
   Minimum input arrival time before clock: 2.586ns
   Maximum output required time after clock: 6.216ns
   Maximum combinational path delay: No path found

Timing Detail:
--------------
All values displayed in nanoseconds (ns)

=========================================================================
Timing constraint: Default period analysis for Clock 'i_clk_int/clk_1hz_reg'
  Clock period: 2.132ns (frequency: 469.076MHz)
  Total number of paths / destination ports: 7 / 7
-------------------------------------------------------------------------
Delay:               2.132ns (Levels of Logic = 1)
  Source:            data_2 (FF)
  Destination:       data_1 (FF)
  Source Clock:      i_clk_int/clk_1hz_reg rising
  Destination Clock: i_clk_int/clk_1hz_reg rising

  Data Path: data_2 to data_1
                                Gate     Net
    Cell:in->out      fanout   Delay   Delay  Logical Name (Net Name)
    ----------------------------------------  ------------
     FDC:C->Q              1   0.626   0.851  data_2 (data_2)
     LUT3:I1->O            1   0.479   0.000  data_1_mux00011 (data_1_mux0001)
     FDC:D                     0.176          data_1
    ----------------------------------------
    Total                      2.132ns (1.281ns logic, 0.851ns route)
                                       (60.1% logic, 39.9% route)

=========================================================================
Timing constraint: Default period analysis for Clock 'clk_100mhz'
  Clock period: 6.093ns (frequency: 164.115MHz)
  Total number of paths / destination ports: 976 / 27
-------------------------------------------------------------------------
Delay:               6.093ns (Levels of Logic = 26)
  Source:            i_clk_int/cntr_reg_1 (FF)
  Destination:       i_clk_int/cntr_reg_24 (FF)
  Source Clock:      clk_100mhz rising
  Destination Clock: clk_100mhz rising

  Data Path: i_clk_int/cntr_reg_1 to i_clk_int/cntr_reg_24
                                Gate     Net
    Cell:in->out      fanout   Delay   Delay  Logical Name (Net Name)
    ----------------------------------------  ------------
     FDC:C->Q              2   0.626   1.040  i_clk_int/cntr_reg_1 (i_clk_int/cntr_reg_1)
     LUT1:I0->O            1   0.479   0.000  i_clk_int/Mcount_cntr_reg_cy<1>_rt (i_clk_int/Mcount_cntr_reg_cy<1>_rt)
     MUXCY:S->O            1   0.435   0.000  i_clk_int/Mcount_cntr_reg_cy<1> (i_clk_int/Mcount_cntr_reg_cy<1>)
     MUXCY:CI->O           1   0.056   0.000  i_clk_int/Mcount_cntr_reg_cy<2> (i_clk_int/Mcount_cntr_reg_cy<2>)
     MUXCY:CI->O           1   0.056   0.000  i_clk_int/Mcount_cntr_reg_cy<3> (i_clk_int/Mcount_cntr_reg_cy<3>)
     MUXCY:CI->O           1   0.056   0.000  i_clk_int/Mcount_cntr_reg_cy<4> (i_clk_int/Mcount_cntr_reg_cy<4>)
     MUXCY:CI->O           1   0.056   0.000  i_clk_int/Mcount_cntr_reg_cy<5> (i_clk_int/Mcount_cntr_reg_cy<5>)
     MUXCY:CI->O           1   0.056   0.000  i_clk_int/Mcount_cntr_reg_cy<6> (i_clk_int/Mcount_cntr_reg_cy<6>)
     MUXCY:CI->O           1   0.056   0.000  i_clk_int/Mcount_cntr_reg_cy<7> (i_clk_int/Mcount_cntr_reg_cy<7>)
     MUXCY:CI->O           1   0.056   0.000  i_clk_int/Mcount_cntr_reg_cy<8> (i_clk_int/Mcount_cntr_reg_cy<8>)
     MUXCY:CI->O           1   0.056   0.000  i_clk_int/Mcount_cntr_reg_cy<9> (i_clk_int/Mcount_cntr_reg_cy<9>)
     MUXCY:CI->O           1   0.056   0.000  i_clk_int/Mcount_cntr_reg_cy<10> (i_clk_int/Mcount_cntr_reg_cy<10>)
     MUXCY:CI->O           1   0.056   0.000  i_clk_int/Mcount_cntr_reg_cy<11> (i_clk_int/Mcount_cntr_reg_cy<11>)
     MUXCY:CI->O           1   0.056   0.000  i_clk_int/Mcount_cntr_reg_cy<12> (i_clk_int/Mcount_cntr_reg_cy<12>)
     MUXCY:CI->O           1   0.056   0.000  i_clk_int/Mcount_cntr_reg_cy<13> (i_clk_int/Mcount_cntr_reg_cy<13>)
     MUXCY:CI->O           1   0.056   0.000  i_clk_int/Mcount_cntr_reg_cy<14> (i_clk_int/Mcount_cntr_reg_cy<14>)
     MUXCY:CI->O           1   0.056   0.000  i_clk_int/Mcount_cntr_reg_cy<15> (i_clk_int/Mcount_cntr_reg_cy<15>)
     MUXCY:CI->O           1   0.056   0.000  i_clk_int/Mcount_cntr_reg_cy<16> (i_clk_int/Mcount_cntr_reg_cy<16>)
     MUXCY:CI->O           1   0.056   0.000  i_clk_int/Mcount_cntr_reg_cy<17> (i_clk_int/Mcount_cntr_reg_cy<17>)
     MUXCY:CI->O           1   0.056   0.000  i_clk_int/Mcount_cntr_reg_cy<18> (i_clk_int/Mcount_cntr_reg_cy<18>)
     MUXCY:CI->O           1   0.056   0.000  i_clk_int/Mcount_cntr_reg_cy<19> (i_clk_int/Mcount_cntr_reg_cy<19>)
     MUXCY:CI->O           1   0.056   0.000  i_clk_int/Mcount_cntr_reg_cy<20> (i_clk_int/Mcount_cntr_reg_cy<20>)
     MUXCY:CI->O           1   0.056   0.000  i_clk_int/Mcount_cntr_reg_cy<21> (i_clk_int/Mcount_cntr_reg_cy<21>)
     MUXCY:CI->O           1   0.056   0.000  i_clk_int/Mcount_cntr_reg_cy<22> (i_clk_int/Mcount_cntr_reg_cy<22>)
     MUXCY:CI->O           0   0.056   0.000  i_clk_int/Mcount_cntr_reg_cy<23> (i_clk_int/Mcount_cntr_reg_cy<23>)
     XORCY:CI->O           1   0.786   0.851  i_clk_int/Mcount_cntr_reg_xor<24> (Result<24>)
     LUT2:I1->O            1   0.479   0.000  i_clk_int/Mcount_cntr_reg_eqn_241 (i_clk_int/Mcount_cntr_reg_eqn_24)
     FDC:D                     0.176          i_clk_int/cntr_reg_24
    ----------------------------------------
    Total                      6.093ns (4.202ns logic, 1.891ns route)
                                       (69.0% logic, 31.0% route)

=========================================================================
Timing constraint: Default OFFSET IN BEFORE for Clock 'i_clk_int/clk_1hz_reg'
  Total number of paths / destination ports: 16 / 9
-------------------------------------------------------------------------
Offset:              2.586ns (Levels of Logic = 2)
  Source:            load (PAD)
  Destination:       data_1 (FF)
  Destination Clock: i_clk_int/clk_1hz_reg rising

  Data Path: load to data_1
                                Gate     Net
    Cell:in->out      fanout   Delay   Delay  Logical Name (Net Name)
    ----------------------------------------  ------------
     IBUF:I->O             8   0.715   1.216  load_IBUF (load_IBUF)
     LUT3:I0->O            1   0.479   0.000  data_6_mux00011 (data_6_mux0001)
     FDC:D                     0.176          data_6
    ----------------------------------------
    Total                      2.586ns (1.370ns logic, 1.216ns route)
                                       (53.0% logic, 47.0% route)

=========================================================================
Timing constraint: Default OFFSET OUT AFTER for Clock 'i_clk_int/clk_1hz_reg'
  Total number of paths / destination ports: 1 / 1
-------------------------------------------------------------------------
Offset:              6.216ns (Levels of Logic = 1)
  Source:            data_0 (FF)
  Destination:       ss (PAD)
  Source Clock:      i_clk_int/clk_1hz_reg rising

  Data Path: data_0 to ss
                                Gate     Net
    Cell:in->out      fanout   Delay   Delay  Logical Name (Net Name)
    ----------------------------------------  ------------
     FDC:C->Q              1   0.626   0.681  data_0 (data_0)
     OBUF:I->O                 4.909          ss_OBUF (ss)
    ----------------------------------------
    Total                      6.216ns (5.535ns logic, 0.681ns route)
                                       (89.0% logic, 11.0% route)

=========================================================================


Total REAL time to Xst completion: 3.00 secs
Total CPU time to Xst completion: 3.64 secs
 
--> 

Total memory usage is 4515832 kilobytes

Number of errors   :    0 (   0 filtered)
Number of warnings :    0 (   0 filtered)
Number of infos    :    1 (   0 filtered)

